<?xml version="1.0" encoding="UTF-8"?>
<!-- Generated by org.testng.reporters.JUnitReportReporter -->
<testsuite skipped="0" hostname="LAPTOP-B6PDUM3B" name="testcases.CreateLeadTestCase" tests="2" failures="0" timestamp="2023-08-12T17:26:31 IST" time="16.447" errors="0">
  <testcase name="runCreateLead" time="8.429" classname="testcases.CreateLeadTestCase"/>
  <system-out/>
  <testcase name="runCreateLead" time="8.018" classname="testcases.CreateLeadTestCase"/>
  <system-out/>
</testsuite> <!-- testcases.CreateLeadTestCase -->
