<?xml version="1.0" encoding="UTF-8"?>
<!-- Generated by org.testng.reporters.JUnitReportReporter -->
<testsuite skipped="0" hostname="LAPTOP-B6PDUM3B" name="testcases.VerifyLogin" tests="2" failures="0" timestamp="2023-08-12T17:26:31 IST" time="6.278" errors="0">
  <testcase name="runLogin" time="3.899" classname="testcases.VerifyLogin"/>
  <system-out/>
  <testcase name="runLogin" time="2.379" classname="testcases.VerifyLogin"/>
  <system-out/>
</testsuite> <!-- testcases.VerifyLogin -->
